2025-05-24 13:57:26,861 - WARNING - From C:\Users\msi\OneDrive - ESPRIT\Desktop\4DS6\semestre 2\Data science Project\validation 2\scrapping and architecture model\DATA\.venv\Lib\site-packages\keras\src\backend\common\global_state.py:82: The name tf.reset_default_graph is deprecated. Please use tf.compat.v1.reset_default_graph instead.

2025-05-24 13:59:02,083 - INFO - HTTP Request: POST http://127.0.0.1:11434/api/embeddings "HTTP/1.1 200 OK"
2025-05-24 14:00:25,953 - INFO - HTTP Request: POST http://127.0.0.1:11434/api/chat "HTTP/1.1 200 OK"
2025-05-24 14:02:30,461 - INFO - Starting report generation
2025-05-24 14:02:30,507 - INFO - Summary extracted: The provided document, the cry...
2025-05-24 14:02:30,507 - INFO - Summary extracted: After reviewing the provided t...
2025-05-24 14:02:30,507 - INFO - Summary extracted: There is no explicit mention o...
2025-05-24 14:02:30,507 - INFO - Summary extracted: Based on the provided document...
2025-05-24 14:02:30,508 - INFO - Summary extracted: The provided text, it appears ...
2025-05-24 14:02:30,508 - INFO - Summary extracted: The provided text does not men...
2025-05-24 14:02:30,508 - INFO - Summary extracted: Based on the provided text, th...
2025-05-24 14:02:30,508 - INFO - Summary extracted: After reviewing the provided t...
2025-05-24 14:02:30,508 - INFO - Summary extracted: There is no mention of ip (int...
2025-05-24 14:02:30,508 - INFO - Summary extracted: No, i don't see any informatio...
2025-05-24 14:02:30,508 - INFO - Summary extracted: Based on the provided text, th...
2025-05-24 14:02:30,508 - INFO - Summary extracted: The document doesn't explicitl...
2025-05-24 14:02:30,508 - INFO - Summary extracted: Unfortunately, i do not see a ...
2025-05-24 14:02:30,508 - INFO - Summary extracted: Unfortunately, i do not see an...
2025-05-24 14:02:30,508 - INFO - Summary extracted: The provided text, the followi...
2025-05-24 14:02:30,508 - INFO - Summary extracted: There is no mention in the pro...
2025-05-24 14:02:30,508 - INFO - Summary extracted: After analyzing the provided t...
2025-05-24 14:02:30,508 - INFO - Summary extracted: There is no mention of "confli...
2025-05-24 14:02:30,508 - INFO - Summary extracted: The text, the understanding of...
2025-05-24 14:02:30,508 - INFO - Summary extracted: Yes, according to the risk war...
2025-05-24 14:02:30,508 - INFO - Summary extracted: Unfortunately, the text does n...
2025-05-24 14:02:30,509 - INFO - Summary extracted: The text does not explicitly m...
2025-05-24 14:02:30,509 - INFO - Summary extracted: Unfortunately, i don't see any...
2025-05-24 14:02:30,509 - INFO - Summary extracted: Unfortunately, i couldn't find...
2025-05-24 14:02:30,509 - INFO - Summary extracted: There is no mention of a codeb...
2025-05-24 14:02:30,509 - INFO - Summary extracted: A thorough review!

based on t...
2025-05-24 14:02:30,509 - INFO - Summary extracted: The document does not provide ...
2025-05-24 14:02:30,509 - INFO - Summary extracted: After carefully reviewing the ...
2025-05-24 14:02:30,509 - INFO - Summary extracted: The answer is not explicitly m...
2025-05-24 14:02:30,509 - INFO - Summary extracted: The document provided does not...
2025-05-24 14:02:30,509 - INFO - Summary extracted: The document, digital assets a...
2025-05-24 14:02:30,509 - INFO - Summary extracted: The text does not explicitly s...
2025-05-24 14:02:30,509 - INFO - Summary extracted: Based on the provided text, it...
2025-05-24 14:02:30,509 - INFO - Summary extracted: Based on the provided document...
2025-05-24 14:02:30,509 - INFO - Summary extracted: The text, the company, cryptob...
2025-05-24 14:02:30,509 - INFO - Summary extracted: The document doesn't explicitl...
2025-05-24 14:02:30,509 - INFO - Summary extracted: Based on the provided document...
2025-05-24 14:02:30,510 - INFO - Summary extracted: The provided text, yes, there ...
2025-05-24 14:02:30,510 - INFO - Summary extracted: Unfortunately, there isn't muc...
2025-05-24 14:02:30,510 - INFO - Summary extracted: Yes, according to the text, th...
2025-05-24 14:02:30,510 - INFO - Summary extracted: No, there is no mention of ene...
2025-05-24 14:02:30,510 - INFO - Summary extracted: There is no mention of initiat...
2025-05-24 14:02:30,510 - INFO - Summary extracted: There is no mention of sustain...
2025-05-24 14:02:30,510 - INFO - Summary extracted: There is no mention of environ...
2025-05-24 14:02:30,510 - INFO - Summary extracted: Based on the provided document...
2025-05-24 14:02:30,511 - INFO - Summary extracted: The text, the managing partner...
2025-05-24 14:02:30,511 - INFO - Summary extracted: Based on the provided text, th...
2025-05-24 14:02:30,511 - INFO - Summary extracted: Based on the provided document...
2025-05-24 14:02:30,511 - INFO - Summary extracted: The document doesn't explicitl...
2025-05-24 14:02:30,511 - INFO - Summary extracted: The provided document, there i...
2025-05-24 14:02:30,511 - INFO - Summary extracted: There is no mention of how the...
2025-05-24 14:02:30,511 - INFO - Summary extracted: There is no mention of a speci...
2025-05-24 14:02:30,511 - INFO - Summary extracted: Unfortunately, there is no spe...
2025-05-24 14:02:30,511 - INFO - Summary extracted: There is no mention of tax dis...
2025-05-24 14:02:30,511 - INFO - Summary extracted: Based on the provided text, th...
2025-05-24 14:02:30,511 - INFO - Summary extracted: The provided document, there i...
2025-05-24 14:02:30,511 - INFO - Summary extracted: There is no mention of specifi...
2025-05-24 14:02:30,512 - INFO - Summary extracted: Unfortunately, there is no men...
2025-05-24 14:02:30,512 - INFO - Summary extracted: There is no mention of an insu...
2025-05-24 14:02:30,512 - INFO - Summary extracted: Unfortunately, i don't see any...
2025-05-24 14:02:30,512 - INFO - Summary extracted: The document provided does not...
2025-05-24 14:02:30,512 - INFO - Summary extracted: Unfortunately, there is no men...
2025-05-24 14:02:30,512 - INFO - Summary extracted: The text does not explicitly m...
2025-05-24 14:02:30,512 - INFO - Summary extracted: The provided text, the followi...
2025-05-24 14:02:30,512 - INFO - Summary extracted: The document does not specific...
2025-05-24 14:02:30,512 - INFO - Summary extracted: There is no mention of penetra...
2025-05-24 14:02:30,512 - INFO - Summary extracted: Unfortunately, i do not see an...
2025-05-24 14:02:30,512 - INFO - Summary extracted: No, there is no mention in the...
2025-05-24 14:02:30,512 - INFO - Summary extracted: The cryptobazar fund contribut...
2025-05-24 14:02:30,512 - INFO - Summary extracted: Unfortunately, there is no men...
2025-05-24 14:02:30,512 - INFO - Summary extracted: There is no mention of api sec...
2025-05-24 14:02:30,512 - INFO - Summary extracted: The provided document, it appe...
2025-05-24 14:02:30,512 - INFO - Summary extracted: The text, the company manages ...
2025-05-24 14:02:30,512 - INFO - Summary extracted: The major expense categories f...
2025-05-24 14:02:30,513 - INFO - Summary extracted: There is no specific informati...
2025-05-24 14:02:30,513 - INFO - Summary extracted: Unfortunately, there is no inf...
2025-05-24 14:02:30,513 - INFO - Summary extracted: There is no mention of specifi...
2025-05-24 14:02:30,513 - INFO - Summary extracted: The text does not explicitly m...
2025-05-24 14:02:30,513 - INFO - Summary extracted: Unfortunately, there is no men...
2025-05-24 14:02:30,513 - INFO - Summary extracted: The text does not explicitly m...
2025-05-24 14:02:30,513 - INFO - Summary extracted: The cryptobazar fund different...
2025-05-24 14:02:30,513 - INFO - Summary extracted: There is no mention of market ...
2025-05-24 14:02:30,513 - INFO - Summary extracted: There is no mention of a speci...
2025-05-24 14:02:30,513 - INFO - Summary extracted: Based on the provided document...
2025-05-24 14:02:30,513 - INFO - Summary extracted: The document outlines various ...
2025-05-24 14:02:30,513 - INFO - Summary extracted: The provided text, yes, there ...
2025-05-24 14:02:30,513 - INFO - Summary extracted: The partnerships mentioned in ...
2025-05-24 14:02:30,513 - INFO - Summary extracted: There is no mention of the com...
2025-05-24 14:02:30,513 - WARNING - Negative summary detected: There is no mention in the pro...
2025-05-24 14:02:30,513 - INFO - Summary extracted: After reviewing the provided d...
2025-05-24 14:02:30,514 - INFO - Summary extracted: Unfortunately, there is no spe...
2025-05-24 14:02:30,514 - INFO - Summary extracted: The text you provided doesn't ...
2025-05-24 14:02:30,514 - INFO - Summary extracted: There is no mention of audits ...
2025-05-24 14:02:30,514 - INFO - Summary extracted: The document does not explicit...
2025-05-24 14:02:30,514 - INFO - Summary extracted: Unfortunately, i couldn't find...
2025-05-24 14:02:30,514 - INFO - Summary extracted: The text, resolutions to take ...
2025-05-24 14:02:30,514 - INFO - Summary extracted: After reviewing the provided t...
2025-05-24 14:02:30,514 - INFO - Summary extracted: The document does not specific...
2025-05-24 14:02:30,514 - INFO - Summary extracted: The provided text, there is no...
2025-05-24 14:02:30,514 - INFO - Summary extracted: Based on the provided document...
2025-05-24 14:02:30,514 - INFO - Summary extracted: Yes, according to the provided...
2025-05-24 14:02:30,514 - INFO - Summary extracted: The provided text, there is no...
2025-05-24 14:02:30,514 - INFO - Summary extracted: Unfortunately, there is no cle...
2025-05-24 14:02:30,514 - INFO - Summary extracted: There is no mention of "pendin...
2025-05-24 14:02:30,514 - INFO - Summary extracted: There is no specific informati...
2025-05-24 14:02:30,514 - INFO - Summary extracted: Yes, there are potential liabi...
2025-05-24 14:02:30,515 - INFO - Summary extracted: Unfortunately, there is no spe...
2025-05-24 14:02:30,515 - INFO - Summary extracted: No, there is no mention of arb...
2025-05-24 14:02:30,515 - INFO - Summary extracted: The provided text does not spe...
2025-05-24 14:02:30,515 - INFO - Summary extracted: There is no mention of supply ...
2025-05-24 14:02:30,515 - WARNING - Negative summary detected: Unfortunately, there is no men...
2025-05-24 14:02:30,515 - INFO - Summary extracted: The provided text, there is no...
2025-05-24 14:02:30,515 - INFO - Summary extracted: There is no mention of "custom...
2025-05-24 14:02:30,515 - INFO - Summary extracted: The provided text does not men...
2025-05-24 14:02:30,515 - INFO - Summary extracted: There is no mention of an insu...
2025-05-24 14:02:30,515 - INFO - Summary extracted: Unfortunately, there is no inf...
2025-05-24 14:02:30,515 - INFO - Summary extracted: There is no mention of intrusi...
2025-05-24 14:02:30,515 - INFO - Summary extracted: There is no mention of code re...
2025-05-24 14:02:30,515 - INFO - Summary extracted: The text does not explicitly s...
2025-05-24 14:02:30,515 - INFO - Summary extracted: There is no mention of the sca...
2025-05-24 14:02:30,515 - WARNING - Negative summary detected: The provided text does not exp...
2025-05-24 14:02:30,515 - INFO - Summary extracted: Unfortunately, the provided te...
2025-05-24 14:02:30,515 - INFO - Summary extracted: There is no mention of backups...
2025-05-24 14:02:30,516 - INFO - Summary extracted: The document doesn't provide s...
2025-05-24 14:02:30,516 - INFO - Summary extracted: Unfortunately, i don't see any...
2025-05-24 14:02:30,516 - INFO - Summary extracted: The provided document, the cry...
2025-05-24 14:02:30,516 - INFO - Summary extracted: There is no explicit mention o...
2025-05-24 14:02:30,516 - INFO - Summary extracted: The provided document, there i...
2025-05-24 14:02:30,516 - INFO - Summary extracted: Based on the provided text, it...
2025-05-24 14:02:30,516 - INFO - Summary extracted: There is no information in the...
2025-05-24 14:02:30,516 - INFO - Summary extracted: There is no mention of annual ...
2025-05-24 14:02:30,516 - INFO - Summary extracted: There is no mention of market ...
2025-05-24 14:02:30,516 - INFO - Summary extracted: No, there is no mention of mar...
2025-05-24 14:02:30,516 - INFO - Summary extracted: The text doesn't mention how t...
2025-05-24 14:02:30,516 - INFO - Summary extracted: Yes, according to the text, th...
2025-05-24 14:02:30,516 - INFO - Summary extracted: Based on the provided document...
2025-05-24 14:02:30,516 - INFO - Summary extracted: The provided text appears to b...
2025-05-24 14:02:30,516 - INFO - Summary extracted: Yes, according to the provided...
2025-05-24 14:02:30,516 - INFO - Summary extracted: The provided documentation, th...
2025-05-24 14:02:30,517 - INFO - Summary extracted: No, there is no mention of the...
2025-05-24 14:02:30,517 - INFO - Summary extracted: The answer is not explicitly s...
2025-05-24 14:02:30,517 - INFO - Summary extracted: There is no information about ...
2025-05-24 14:02:30,517 - INFO - Summary extracted: There is no mention of any pla...
2025-05-24 14:02:30,517 - INFO - Summary extracted: The provided text does not men...
2025-05-24 14:02:30,517 - INFO - Summary extracted: There is no mention of "sustai...
2025-05-24 14:02:30,517 - INFO - Summary extracted: There is no mention of "sustai...
2025-05-24 14:02:30,517 - INFO - Summary extracted: Unfortunately, there is no inf...
2025-05-24 14:02:30,517 - INFO - Summary extracted: The provided document does not...
2025-05-24 14:02:30,517 - INFO - Summary extracted: There is no mention of a board...
2025-05-24 14:02:30,517 - INFO - Summary extracted: There is no mention of shareho...
2025-05-24 14:02:30,517 - INFO - Summary extracted: The provided text, the "terms ...
2025-05-24 14:02:30,517 - INFO - Summary extracted: There is no mention of a "comp...
2025-05-24 14:02:30,517 - INFO - Summary extracted: Yes, according to the document...
2025-05-24 14:02:30,517 - INFO - Summary extracted: There is no mention of a succe...
2025-05-24 14:02:30,517 - INFO - Summary extracted: The document does not explicit...
2025-05-24 14:02:30,536 - INFO - Data loaded: 155 questions, 733 classified entries
2025-05-24 14:02:30,542 - INFO - Calculating answer quality scores
2025-05-24 14:02:30,552 - INFO - Summary extracted: After carefully reviewing the ...
2025-05-24 14:02:30,673 - INFO - Negative sentiment check for 'After carefully reviewing the ...': False
2025-05-24 14:02:30,675 - INFO - Summary extracted: There is no mention of "custom...
2025-05-24 14:02:30,688 - INFO - Negative sentiment check for 'There is no mention of "custom...': False
2025-05-24 14:02:30,707 - INFO - Summary extracted: Unfortunately, i do not see a ...
2025-05-24 14:02:30,718 - INFO - Negative sentiment check for 'Unfortunately, I do not see a ...': False
2025-05-24 14:02:30,719 - INFO - Summary extracted: Unfortunately, i do not see an...
2025-05-24 14:02:30,756 - INFO - Negative sentiment check for 'Unfortunately, I do not see an...': False
2025-05-24 14:02:30,757 - INFO - Summary extracted: There is no mention of an insu...
2025-05-24 14:02:30,769 - INFO - Negative sentiment check for 'There is no mention of an insu...': False
2025-05-24 14:02:30,780 - INFO - Summary extracted: Unfortunately, i couldn't find...
2025-05-24 14:02:30,812 - INFO - Negative sentiment check for 'Unfortunately, I couldn't find...': False
2025-05-24 14:02:30,813 - INFO - Summary extracted: The text does not explicitly m...
2025-05-24 14:02:30,847 - INFO - Negative sentiment check for 'The text does not explicitly m...': False
2025-05-24 14:02:30,856 - INFO - Summary extracted: There is no mention of initiat...
2025-05-24 14:02:30,867 - INFO - Negative sentiment check for 'There is no mention of initiat...': False
2025-05-24 14:02:30,868 - INFO - Summary extracted: There is no mention of environ...
2025-05-24 14:02:30,877 - INFO - Negative sentiment check for 'There is no mention of environ...': False
2025-05-24 14:02:30,878 - INFO - Summary extracted: There is no mention of the com...
2025-05-24 14:02:30,895 - INFO - Negative sentiment check for 'There is no mention of the com...': False
2025-05-24 14:02:30,896 - WARNING - Negative summary detected: There is no mention in the pro...
2025-05-24 14:02:30,896 - INFO - Summary extracted: Unfortunately, there is no spe...
2025-05-24 14:02:30,919 - INFO - Negative sentiment check for 'Unfortunately, there is no spe...': False
2025-05-24 14:02:30,920 - INFO - Summary extracted: There is no mention of audits ...
2025-05-24 14:02:30,946 - INFO - Negative sentiment check for 'There is no mention of audits ...': False
2025-05-24 14:02:30,947 - INFO - Summary extracted: The answer is not explicitly s...
2025-05-24 14:02:30,975 - INFO - Negative sentiment check for 'The answer is not explicitly s...': False
2025-05-24 14:02:30,977 - INFO - Summary extracted: There is no mention of any pla...
2025-05-24 14:02:30,988 - INFO - Negative sentiment check for 'There is no mention of any pla...': False
2025-05-24 14:02:30,989 - INFO - Summary extracted: There is no mention of "sustai...
2025-05-24 14:02:31,017 - INFO - Negative sentiment check for 'There is no mention of "sustai...': False
2025-05-24 14:02:31,018 - INFO - Summary extracted: Unfortunately, there is no inf...
2025-05-24 14:02:31,069 - INFO - Negative sentiment check for 'Unfortunately, there is no inf...': False
2025-05-24 14:02:31,080 - INFO - Summary extracted: The document provided does not...
2025-05-24 14:02:31,123 - INFO - Negative sentiment check for 'The document provided does not...': False
2025-05-24 14:02:31,125 - INFO - Summary extracted: The text does not explicitly s...
2025-05-24 14:02:31,161 - INFO - Negative sentiment check for 'The text does not explicitly s...': False
2025-05-24 14:02:31,163 - INFO - Summary extracted: The text, the company manages ...
2025-05-24 14:02:31,189 - INFO - Negative sentiment check for 'According to the text, the com...': False
2025-05-24 14:02:31,191 - INFO - Summary extracted: There is no specific informati...
2025-05-24 14:02:31,218 - INFO - Negative sentiment check for 'There is no specific informati...': False
2025-05-24 14:02:31,219 - INFO - Summary extracted: There is no mention of specifi...
2025-05-24 14:02:31,240 - INFO - Negative sentiment check for 'There is no mention of specifi...': False
2025-05-24 14:02:31,241 - INFO - Summary extracted: Unfortunately, there is no men...
2025-05-24 14:02:31,260 - INFO - Negative sentiment check for 'Unfortunately, there is no men...': False
2025-05-24 14:02:31,261 - INFO - Summary extracted: Unfortunately, i don't see any...
2025-05-24 14:02:31,279 - INFO - Negative sentiment check for 'Unfortunately, I don't see any...': False
2025-05-24 14:02:31,280 - INFO - Summary extracted: The provided document, the cry...
2025-05-24 14:02:31,340 - INFO - Negative sentiment check for 'According to the provided docu...': False
2025-05-24 14:02:31,341 - INFO - Summary extracted: There is no explicit mention o...
2025-05-24 14:02:31,363 - INFO - Negative sentiment check for 'There is no explicit mention o...': False
2025-05-24 14:02:31,364 - INFO - Summary extracted: Based on the provided text, it...
2025-05-24 14:02:31,435 - INFO - Negative sentiment check for 'Based on the provided text, it...': False
2025-05-24 14:02:31,436 - INFO - Summary extracted: There is no mention of annual ...
2025-05-24 14:02:31,452 - INFO - Negative sentiment check for 'There is no mention of annual ...': False
2025-05-24 14:02:31,469 - INFO - Summary extracted: There is no mention of "confli...
2025-05-24 14:02:31,488 - INFO - Negative sentiment check for 'There is no mention of "confli...': False
2025-05-24 14:02:31,489 - INFO - Summary extracted: The text, the managing partner...
2025-05-24 14:02:31,511 - INFO - Negative sentiment check for 'According to the text, the Man...': False
2025-05-24 14:02:31,512 - INFO - Summary extracted: Based on the provided document...
2025-05-24 14:02:31,547 - INFO - Negative sentiment check for 'Based on the provided document...': False
2025-05-24 14:02:31,549 - INFO - Summary extracted: Unfortunately, i couldn't find...
2025-05-24 14:02:31,583 - INFO - Negative sentiment check for 'Unfortunately, I couldn't find...': False
2025-05-24 14:02:31,584 - INFO - Summary extracted: After reviewing the provided t...
2025-05-24 14:02:31,634 - INFO - Negative sentiment check for 'After reviewing the provided t...': False
2025-05-24 14:02:31,636 - INFO - Summary extracted: The provided text, there is no...
2025-05-24 14:02:31,654 - INFO - Negative sentiment check for 'According to the provided text...': False
2025-05-24 14:02:31,656 - INFO - Summary extracted: Yes, according to the provided...
2025-05-24 14:02:31,681 - INFO - Negative sentiment check for 'Yes, according to the provided...': False
2025-05-24 14:02:31,682 - INFO - Summary extracted: There is no mention of a board...
2025-05-24 14:02:31,702 - INFO - Negative sentiment check for 'There is no mention of a board...': False
2025-05-24 14:02:31,704 - INFO - Summary extracted: The provided text, the "terms ...
2025-05-24 14:02:31,763 - INFO - Negative sentiment check for 'According to the provided text...': False
2025-05-24 14:02:31,764 - INFO - Summary extracted: Yes, according to the document...
2025-05-24 14:02:31,782 - INFO - Negative sentiment check for 'Yes, according to the document...': False
2025-05-24 14:02:31,783 - INFO - Summary extracted: The document does not explicit...
2025-05-24 14:02:31,812 - INFO - Negative sentiment check for 'The document does not explicit...': False
2025-05-24 14:02:31,824 - INFO - Summary extracted: There is no mention of ip (int...
2025-05-24 14:02:31,840 - INFO - Negative sentiment check for 'There is no mention of IP (Int...': False
2025-05-24 14:02:31,861 - INFO - Summary extracted: Yes, according to the risk war...
2025-05-24 14:02:31,882 - INFO - Negative sentiment check for 'Yes, according to the Risk War...': False
2025-05-24 14:02:31,888 - INFO - Summary extracted: After reviewing the provided t...
2025-05-24 14:02:31,912 - INFO - Negative sentiment check for 'After reviewing the provided t...': False
2025-05-24 14:02:31,913 - INFO - Summary extracted: There is no explicit mention o...
2025-05-24 14:02:31,965 - INFO - Negative sentiment check for 'There is no explicit mention o...': False
2025-05-24 14:02:31,966 - INFO - Summary extracted: The provided text, it appears ...
2025-05-24 14:02:32,005 - INFO - Negative sentiment check for 'According to the provided text...': False
2025-05-24 14:02:32,006 - INFO - Summary extracted: Based on the provided text, th...
2025-05-24 14:02:32,041 - INFO - Negative sentiment check for 'Based on the provided text, th...': False
2025-05-24 14:02:32,042 - INFO - Summary extracted: The provided document, there i...
2025-05-24 14:02:32,058 - INFO - Negative sentiment check for 'According to the provided docu...': False
2025-05-24 14:02:32,059 - INFO - Summary extracted: There is no mention of a speci...
2025-05-24 14:02:32,083 - INFO - Negative sentiment check for 'There is no mention of a speci...': False
2025-05-24 14:02:32,084 - INFO - Summary extracted: There is no mention of tax dis...
2025-05-24 14:02:32,097 - INFO - Negative sentiment check for 'There is no mention of tax dis...': False
2025-05-24 14:02:32,099 - INFO - Summary extracted: The provided text, there is no...
2025-05-24 14:02:32,120 - INFO - Negative sentiment check for 'According to the provided text...': False
2025-05-24 14:02:32,121 - INFO - Summary extracted: There is no mention of "pendin...
2025-05-24 14:02:32,131 - INFO - Negative sentiment check for 'There is no mention of "pendin...': False
2025-05-24 14:02:32,132 - INFO - Summary extracted: Yes, there are potential liabi...
2025-05-24 14:02:32,186 - INFO - Negative sentiment check for 'Yes, there are potential liabi...': False
2025-05-24 14:02:32,187 - INFO - Summary extracted: No, there is no mention of arb...
2025-05-24 14:02:32,206 - INFO - Negative sentiment check for 'No, there is no mention of arb...': False
2025-05-24 14:02:32,210 - INFO - Summary extracted: There is no mention of specifi...
2025-05-24 14:02:32,233 - INFO - Negative sentiment check for 'There is no mention of specifi...': False
2025-05-24 14:02:32,234 - INFO - Summary extracted: The document provided does not...
2025-05-24 14:02:32,252 - INFO - Negative sentiment check for 'The document provided does not...': False
2025-05-24 14:02:32,253 - INFO - Summary extracted: There is no mention of supply ...
2025-05-24 14:02:32,281 - INFO - Negative sentiment check for 'There is no mention of supply ...': False
2025-05-24 14:02:32,282 - INFO - Summary extracted: There is no mention of an insu...
2025-05-24 14:02:32,294 - INFO - Negative sentiment check for 'There is no mention of an insu...': False
2025-05-24 14:02:32,328 - INFO - Summary extracted: The document doesn't explicitl...
2025-05-24 14:02:32,360 - INFO - Negative sentiment check for 'The document doesn't explicitl...': False
2025-05-24 14:02:32,361 - INFO - Summary extracted: The provided text, yes, there ...
2025-05-24 14:02:32,379 - INFO - Negative sentiment check for 'According to the provided text...': False
2025-05-24 14:02:32,380 - INFO - Summary extracted: Yes, according to the text, th...
2025-05-24 14:02:32,400 - INFO - Negative sentiment check for 'Yes, according to the text, th...': False
2025-05-24 14:02:32,401 - INFO - Summary extracted: The cryptobazar fund different...
2025-05-24 14:02:32,449 - INFO - Negative sentiment check for 'The CryptoBazar Fund different...': False
2025-05-24 14:02:32,450 - INFO - Summary extracted: There is no mention of a speci...
2025-05-24 14:02:32,468 - INFO - Negative sentiment check for 'There is no mention of a speci...': False
2025-05-24 14:02:32,469 - INFO - Summary extracted: The document outlines various ...
2025-05-24 14:02:32,520 - INFO - Negative sentiment check for 'The document outlines various ...': False
2025-05-24 14:02:32,521 - INFO - Summary extracted: The partnerships mentioned in ...
2025-05-24 14:02:32,545 - INFO - Negative sentiment check for 'The partnerships mentioned in ...': False
2025-05-24 14:02:32,547 - INFO - Summary extracted: No, there is no mention of mar...
2025-05-24 14:02:32,580 - INFO - Negative sentiment check for 'No, there is no mention of mar...': False
2025-05-24 14:02:32,581 - INFO - Summary extracted: Yes, according to the text, th...
2025-05-24 14:02:32,609 - INFO - Negative sentiment check for 'Yes, according to the text, th...': False
2025-05-24 14:02:32,611 - INFO - Summary extracted: The provided documentation, th...
2025-05-24 14:02:32,641 - INFO - Negative sentiment check for 'According to the provided docu...': False
2025-05-24 14:02:32,670 - INFO - Summary extracted: The document does not specific...
2025-05-24 14:02:32,701 - INFO - Negative sentiment check for 'The document does not specific...': False
2025-05-24 14:02:32,702 - INFO - Summary extracted: Unfortunately, i do not see an...
2025-05-24 14:02:32,732 - INFO - Negative sentiment check for 'Unfortunately, I do not see an...': False
2025-05-24 14:02:32,733 - INFO - Summary extracted: The cryptobazar fund contribut...
2025-05-24 14:02:32,765 - INFO - Negative sentiment check for 'The CryptoBazar Fund contribut...': False
2025-05-24 14:02:32,766 - INFO - Summary extracted: There is no mention of api sec...
2025-05-24 14:02:32,777 - INFO - Negative sentiment check for 'There is no mention of API sec...': False
2025-05-24 14:02:32,778 - INFO - Summary extracted: There is no mention of intrusi...
2025-05-24 14:02:32,798 - INFO - Negative sentiment check for 'There is no mention of intrusi...': False
2025-05-24 14:02:32,799 - INFO - Summary extracted: The text does not explicitly s...
2025-05-24 14:02:32,820 - INFO - Negative sentiment check for 'The text does not explicitly s...': False
2025-05-24 14:02:32,821 - WARNING - Negative summary detected: The provided text does not exp...
2025-05-24 14:02:32,821 - INFO - Summary extracted: There is no mention of backups...
2025-05-24 14:02:32,829 - INFO - Negative sentiment check for 'There is no mention of backups...': False
2025-05-24 14:02:32,830 - INFO - Summary extracted: The text does not explicitly m...
2025-05-24 14:02:32,844 - INFO - Negative sentiment check for 'The text does not explicitly m...': False
2025-05-24 14:02:32,845 - INFO - Summary extracted: A thorough review!

based on t...
2025-05-24 14:02:32,901 - INFO - Negative sentiment check for 'A thorough review!

Based on t...': False
2025-05-24 14:02:32,912 - INFO - Summary extracted: There is no mention in the pro...
2025-05-24 14:02:32,935 - INFO - Negative sentiment check for 'There is no mention in the pro...': False
2025-05-24 14:02:33,003 - INFO - Negative sentiment check for ' Does the project comply with ...': False
2025-05-24 14:02:33,003 - INFO - Tag AML / KYC analysis: completeness=0.0%, found=0, missing=4
2025-05-24 14:02:33,262 - INFO - Negative sentiment check for 'After carefully reviewing the ...': False
2025-05-24 14:02:33,262 - INFO - Tag Community & UX analysis: completeness=25.0%, found=1, missing=3
2025-05-24 14:02:33,470 - INFO - Negative sentiment check for 'Unfortunately, i do not see a ...': False
2025-05-24 14:02:33,470 - INFO - Tag Custody & Asset Security analysis: completeness=50.0%, found=2, missing=2
2025-05-24 14:02:33,584 - INFO - Negative sentiment check for 'Unfortunately, i couldn't find...': False
2025-05-24 14:02:33,585 - INFO - Tag Cybersecurity & Data Privacy analysis: completeness=50.0%, found=2, missing=2
2025-05-24 14:02:33,751 - INFO - Negative sentiment check for 'There is no mention of initiat...': False
2025-05-24 14:02:33,751 - INFO - Tag ESG & Sustainability analysis: completeness=75.0%, found=3, missing=1
2025-05-24 14:02:34,063 - INFO - Negative sentiment check for 'The document provided does not...': False
2025-05-24 14:02:34,063 - INFO - Tag Financial Health analysis: completeness=75.0%, found=3, missing=1
2025-05-24 14:02:34,329 - INFO - Negative sentiment check for 'There is no mention of "confli...': False
2025-05-24 14:02:34,329 - INFO - Tag Governance analysis: completeness=25.0%, found=1, missing=3
2025-05-24 14:02:34,372 - INFO - Negative sentiment check for 'There is no mention of ip (int...': False
2025-05-24 14:02:34,372 - INFO - Tag IP & Contracts analysis: completeness=0.0%, found=0, missing=4
2025-05-24 14:02:34,821 - INFO - Negative sentiment check for 'Yes, according to the risk war...': False
2025-05-24 14:02:34,821 - INFO - Tag Legal & Regulatory analysis: completeness=50.0%, found=2, missing=2
2025-05-24 14:02:35,022 - INFO - Negative sentiment check for 'There is no mention of specifi...': False
2025-05-24 14:02:35,022 - INFO - Tag Risk Management analysis: completeness=100.0%, found=4, missing=0
2025-05-24 14:02:35,437 - INFO - Negative sentiment check for 'The document doesn't explicitl...': True
2025-05-24 14:02:35,438 - INFO - Tag Strategy & Competitive Positioning analysis: completeness=40.0%, found=2, missing=2
2025-05-24 14:02:35,818 - INFO - Negative sentiment check for 'The document does not specific...': False
2025-05-24 14:02:35,819 - INFO - Tag Technology & Infrastructure analysis: completeness=50.0%, found=2, missing=2
2025-05-24 14:02:35,941 - INFO - Negative sentiment check for 'There is no mention in the pro...': False
2025-05-24 14:02:35,941 - INFO - Tag Tokenomics & Trading Integrity analysis: completeness=25.0%, found=1, missing=3
2025-05-24 14:02:35,943 - INFO - Tag AML / KYC risk score: 100.0
2025-05-24 14:02:36,015 - INFO - Negative sentiment check for 'After carefully reviewing the ...': False
2025-05-24 14:02:36,015 - INFO - Question risk for 'Are there any pain points or a...': 18.0, Answer Score: 0.50
2025-05-24 14:02:36,028 - INFO - Negative sentiment check for 'There is no mention of "custom...': False
2025-05-24 14:02:36,028 - INFO - Question risk for 'How does the company measure c...': 18.0, Answer Score: 0.50
2025-05-24 14:02:36,028 - INFO - Tag Community & UX risk score: 21.6
2025-05-24 14:02:36,039 - INFO - Negative sentiment check for 'Unfortunately, I do not see a ...': False
2025-05-24 14:02:36,039 - INFO - Question risk for 'Are multi-signature wallets us...': 60.0, Answer Score: 0.50
2025-05-24 14:02:36,073 - INFO - Negative sentiment check for 'Unfortunately, I do not see an...': False
2025-05-24 14:02:36,073 - INFO - Question risk for 'What measures are in place to ...': 60.0, Answer Score: 0.50
2025-05-24 14:02:36,083 - INFO - Negative sentiment check for 'There is no mention of an insu...': False
2025-05-24 14:02:36,083 - INFO - Question risk for 'What are the terms and conditi...': 60.0, Answer Score: 0.50
2025-05-24 14:02:36,084 - INFO - Tag Custody & Asset Security risk score: 50.0
2025-05-24 14:02:36,112 - INFO - Negative sentiment check for 'Unfortunately, I couldn't find...': False
2025-05-24 14:02:36,112 - INFO - Question risk for 'Are two-factor authentication ...': 60.0, Answer Score: 0.50
2025-05-24 14:02:36,137 - INFO - Negative sentiment check for 'The text does not explicitly m...': False
2025-05-24 14:02:36,138 - INFO - Question risk for 'What are the criteria for hiri...': 60.0, Answer Score: 0.50
2025-05-24 14:02:36,138 - INFO - Tag Cybersecurity & Data Privacy risk score: 50.0
2025-05-24 14:02:36,148 - INFO - Negative sentiment check for 'There is no mention of initiat...': False
2025-05-24 14:02:36,148 - INFO - Question risk for 'Are there initiatives to reduc...': 12.0, Answer Score: 0.50
2025-05-24 14:02:36,158 - INFO - Negative sentiment check for 'There is no mention of environ...': False
2025-05-24 14:02:36,158 - INFO - Question risk for 'How does the company address e...': 12.0, Answer Score: 0.50
2025-05-24 14:02:36,174 - INFO - Negative sentiment check for 'There is no mention of the com...': False
2025-05-24 14:02:36,174 - INFO - Question risk for 'What is the carbon footprint o...': 12.0, Answer Score: 0.50
2025-05-24 14:02:36,198 - INFO - Negative sentiment check for 'There is no mention in the pro...': True
2025-05-24 14:02:36,198 - INFO - Question risk for 'Are there any initiatives to r...': 14.4, Answer Score: 0.50
2025-05-24 14:02:36,220 - INFO - Negative sentiment check for 'Unfortunately, there is no spe...': False
2025-05-24 14:02:36,220 - INFO - Question risk for 'How does the company promote s...': 12.0, Answer Score: 0.50
2025-05-24 14:02:36,242 - INFO - Negative sentiment check for 'There is no mention of audits ...': False
2025-05-24 14:02:36,242 - INFO - Question risk for 'Are there any audits conducted...': 12.0, Answer Score: 0.50
2025-05-24 14:02:36,264 - INFO - Negative sentiment check for 'The answer is not explicitly s...': False
2025-05-24 14:02:36,264 - INFO - Question risk for 'Are these reports audited or v...': 12.0, Answer Score: 0.50
2025-05-24 14:02:36,273 - INFO - Negative sentiment check for 'There is no mention of any pla...': False
2025-05-24 14:02:36,273 - INFO - Question risk for 'Are there any plans to reduce ...': 12.0, Answer Score: 0.50
2025-05-24 14:02:36,293 - INFO - Negative sentiment check for 'There is no mention of "sustai...': False
2025-05-24 14:02:36,294 - INFO - Question risk for 'Are there any feedback mechani...': 12.0, Answer Score: 0.50
2025-05-24 14:02:36,333 - INFO - Negative sentiment check for 'Unfortunately, there is no inf...': False
2025-05-24 14:02:36,333 - INFO - Question risk for 'How does the company ensure co...': 12.0, Answer Score: 0.50
2025-05-24 14:02:36,333 - INFO - Tag ESG & Sustainability risk score: 8.1
2025-05-24 14:02:36,370 - INFO - Negative sentiment check for 'The document provided does not...': False
2025-05-24 14:02:36,370 - INFO - Question risk for 'What is the financial health o...': 48.0, Answer Score: 0.50
2025-05-24 14:02:36,407 - INFO - Negative sentiment check for 'The text does not explicitly s...': False
2025-05-24 14:02:36,407 - INFO - Question risk for 'Are valuations consistent with...': 48.0, Answer Score: 0.50
2025-05-24 14:02:36,431 - INFO - Negative sentiment check for 'According to the text, the com...': False
2025-05-24 14:02:36,431 - INFO - Question risk for 'How does the company manage re...': 48.0, Answer Score: 0.50
2025-05-24 14:02:36,466 - INFO - Negative sentiment check for 'There is no specific informati...': False
2025-05-24 14:02:36,466 - INFO - Question risk for 'Are there any cost-saving init...': 48.0, Answer Score: 0.50
2025-05-24 14:02:36,479 - INFO - Negative sentiment check for 'There is no mention of specifi...': False
2025-05-24 14:02:36,480 - INFO - Question risk for 'Are there any plans for future...': 48.0, Answer Score: 0.50
2025-05-24 14:02:36,498 - INFO - Negative sentiment check for 'Unfortunately, there is no men...': False
2025-05-24 14:02:36,499 - INFO - Question risk for 'Are these reports audited by e...': 48.0, Answer Score: 0.50
2025-05-24 14:02:36,518 - INFO - Negative sentiment check for 'Unfortunately, I don't see any...': False
2025-05-24 14:02:36,518 - INFO - Question risk for 'Are there any cash flow projec...': 48.0, Answer Score: 0.50
2025-05-24 14:02:36,568 - INFO - Negative sentiment check for 'According to the provided docu...': False
2025-05-24 14:02:36,568 - INFO - Question risk for 'What are the company's financi...': 48.0, Answer Score: 0.50
2025-05-24 14:02:36,583 - INFO - Negative sentiment check for 'There is no explicit mention o...': False
2025-05-24 14:02:36,584 - INFO - Question risk for 'Are there any budgeting proces...': 48.0, Answer Score: 0.50
2025-05-24 14:02:36,634 - INFO - Negative sentiment check for 'Based on the provided text, it...': False
2025-05-24 14:02:36,634 - INFO - Question risk for 'Are these strategies compliant...': 48.0, Answer Score: 0.50
2025-05-24 14:02:36,646 - INFO - Negative sentiment check for 'There is no mention of annual ...': False
2025-05-24 14:02:36,646 - INFO - Question risk for 'Are financial statements audit...': 48.0, Answer Score: 0.50
2025-05-24 14:02:36,646 - INFO - Tag Financial Health risk score: 32.0
2025-05-24 14:02:36,660 - INFO - Negative sentiment check for 'There is no mention of "confli...': False
2025-05-24 14:02:36,660 - INFO - Question risk for 'How are these conflicts manage...': 36.0, Answer Score: 0.50
2025-05-24 14:02:36,673 - INFO - Negative sentiment check for 'According to the text, the Man...': False
2025-05-24 14:02:36,673 - INFO - Question risk for 'Who holds decision-making powe...': 36.0, Answer Score: 0.50
2025-05-24 14:02:36,707 - INFO - Negative sentiment check for 'Based on the provided document...': False
2025-05-24 14:02:36,707 - INFO - Question risk for 'Is the project decentralized o...': 36.0, Answer Score: 0.50
2025-05-24 14:02:36,744 - INFO - Negative sentiment check for 'Unfortunately, I couldn't find...': False
2025-05-24 14:02:36,744 - INFO - Question risk for 'What are their backgrounds and...': 36.0, Answer Score: 0.50
2025-05-24 14:02:36,790 - INFO - Negative sentiment check for 'After reviewing the provided t...': False
2025-05-24 14:02:36,790 - INFO - Question risk for 'Are there any checks and balan...': 36.0, Answer Score: 0.50
2025-05-24 14:02:36,807 - INFO - Negative sentiment check for 'According to the provided text...': False
2025-05-24 14:02:36,807 - INFO - Question risk for 'Are there any voting agreement...': 36.0, Answer Score: 0.50
2025-05-24 14:02:36,832 - INFO - Negative sentiment check for 'Yes, according to the provided...': False
2025-05-24 14:02:36,832 - INFO - Question risk for 'Are there any mechanisms for f...': 36.0, Answer Score: 0.50
2025-05-24 14:02:36,852 - INFO - Negative sentiment check for 'There is no mention of a board...': False
2025-05-24 14:02:36,852 - INFO - Question risk for 'Are there any independent dire...': 36.0, Answer Score: 0.50
2025-05-24 14:02:36,906 - INFO - Negative sentiment check for 'According to the provided text...': False
2025-05-24 14:02:36,907 - INFO - Question risk for 'What are the terms of these ag...': 36.0, Answer Score: 0.50
2025-05-24 14:02:36,921 - INFO - Negative sentiment check for 'Yes, according to the document...': False
2025-05-24 14:02:36,922 - INFO - Question risk for 'Are there any performance-base...': 36.0, Answer Score: 0.50
2025-05-24 14:02:36,945 - INFO - Negative sentiment check for 'The document does not explicit...': False
2025-05-24 14:02:36,945 - INFO - Question risk for 'How does the company ensure co...': 36.0, Answer Score: 0.50
2025-05-24 14:02:36,945 - INFO - Tag Governance risk score: 43.2
2025-05-24 14:02:36,961 - INFO - Negative sentiment check for 'There is no mention of IP (Int...': False
2025-05-24 14:02:36,962 - INFO - Question risk for 'How are IP rights allocated am...': 12.0, Answer Score: 0.50
2025-05-24 14:02:36,962 - INFO - Tag IP & Contracts risk score: 16.8
2025-05-24 14:02:36,987 - INFO - Negative sentiment check for 'After reviewing the provided t...': False
2025-05-24 14:02:36,987 - INFO - Question risk for 'Are there any changes in the l...': 75.0, Answer Score: 0.50
2025-05-24 14:02:37,027 - INFO - Negative sentiment check for 'There is no explicit mention o...': False
2025-05-24 14:02:37,027 - INFO - Question risk for 'Are all necessary licenses and...': 75.0, Answer Score: 0.50
2025-05-24 14:02:37,061 - INFO - Negative sentiment check for 'According to the provided text...': False
2025-05-24 14:02:37,061 - INFO - Question risk for 'Are there any sanctions restri...': 75.0, Answer Score: 0.50
2025-05-24 14:02:37,090 - INFO - Negative sentiment check for 'Based on the provided text, th...': False
2025-05-24 14:02:37,090 - INFO - Question risk for 'What are the potential financi...': 75.0, Answer Score: 0.50
2025-05-24 14:02:37,108 - INFO - Negative sentiment check for 'Yes, according to the Risk War...': False
2025-05-24 14:02:37,108 - INFO - Question risk for 'Are there any potential regula...': 75.0, Answer Score: 0.50
2025-05-24 14:02:37,123 - INFO - Negative sentiment check for 'According to the provided docu...': False
2025-05-24 14:02:37,123 - INFO - Question risk for 'Are there any specific jurisdi...': 75.0, Answer Score: 0.50
2025-05-24 14:02:37,144 - INFO - Negative sentiment check for 'There is no mention of a speci...': False
2025-05-24 14:02:37,144 - INFO - Question risk for 'Are there any data protection ...': 75.0, Answer Score: 0.50
2025-05-24 14:02:37,154 - INFO - Negative sentiment check for 'There is no mention of tax dis...': False
2025-05-24 14:02:37,155 - INFO - Question risk for 'Are there any tax disputes or ...': 75.0, Answer Score: 0.50
2025-05-24 14:02:37,174 - INFO - Negative sentiment check for 'According to the provided text...': False
2025-05-24 14:02:37,174 - INFO - Question risk for 'Are there any restrictions on ...': 75.0, Answer Score: 0.50
2025-05-24 14:02:37,185 - INFO - Negative sentiment check for 'There is no mention of "pendin...': False
2025-05-24 14:02:37,185 - INFO - Question risk for 'Are there any pending applicat...': 75.0, Answer Score: 0.50
2025-05-24 14:02:37,234 - INFO - Negative sentiment check for 'Yes, there are potential liabi...': False
2025-05-24 14:02:37,234 - INFO - Question risk for 'Are there any potential liabil...': 75.0, Answer Score: 0.50
2025-05-24 14:02:37,253 - INFO - Negative sentiment check for 'No, there is no mention of arb...': False
2025-05-24 14:02:37,253 - INFO - Question risk for 'Are there any arbitration or m...': 75.0, Answer Score: 0.50
2025-05-24 14:02:37,253 - INFO - Tag Legal & Regulatory risk score: 62.5
2025-05-24 14:02:37,276 - INFO - Negative sentiment check for 'There is no mention of specifi...': False
2025-05-24 14:02:37,276 - INFO - Question risk for 'Are there any hedging strategi...': 36.0, Answer Score: 0.50
2025-05-24 14:02:37,293 - INFO - Negative sentiment check for 'The document provided does not...': False
2025-05-24 14:02:37,293 - INFO - Question risk for 'How does the company ensure op...': 36.0, Answer Score: 0.50
2025-05-24 14:02:37,318 - INFO - Negative sentiment check for 'There is no mention of supply ...': False
2025-05-24 14:02:37,318 - INFO - Question risk for 'Are there any contingency plan...': 36.0, Answer Score: 0.50
2025-05-24 14:02:37,330 - INFO - Negative sentiment check for 'There is no mention of an insu...': False
2025-05-24 14:02:37,330 - INFO - Question risk for 'What are the terms and conditi...': 36.0, Answer Score: 0.50
2025-05-24 14:02:37,331 - INFO - Tag Risk Management risk score: 18.0
2025-05-24 14:02:37,358 - INFO - Negative sentiment check for 'The document doesn't explicitl...': False
2025-05-24 14:02:37,358 - INFO - Question risk for 'Are there any competitors or m...': 12.0, Answer Score: 0.50
2025-05-24 14:02:37,375 - INFO - Negative sentiment check for 'According to the provided text...': False
2025-05-24 14:02:37,375 - INFO - Question risk for 'Are there plans for future sca...': 12.0, Answer Score: 0.50
2025-05-24 14:02:37,394 - INFO - Negative sentiment check for 'Yes, according to the text, th...': False
2025-05-24 14:02:37,394 - INFO - Question risk for 'Are developers and stakeholder...': 12.0, Answer Score: 0.50
2025-05-24 14:02:37,427 - INFO - Negative sentiment check for 'The CryptoBazar Fund different...': False
2025-05-24 14:02:37,427 - INFO - Question risk for 'How does the company different...': 12.0, Answer Score: 0.50
2025-05-24 14:02:37,445 - INFO - Negative sentiment check for 'There is no mention of a speci...': False
2025-05-24 14:02:37,445 - INFO - Question risk for 'Are there any customer feedbac...': 12.0, Answer Score: 0.50
2025-05-24 14:02:37,493 - INFO - Negative sentiment check for 'The document outlines various ...': False
2025-05-24 14:02:37,493 - INFO - Question risk for 'Are these strategies aligned w...': 12.0, Answer Score: 0.50
2025-05-24 14:02:37,515 - INFO - Negative sentiment check for 'The partnerships mentioned in ...': False
2025-05-24 14:02:37,515 - INFO - Question risk for 'How do these partnerships cont...': 12.0, Answer Score: 0.50
2025-05-24 14:02:37,544 - INFO - Negative sentiment check for 'No, there is no mention of mar...': False
2025-05-24 14:02:37,545 - INFO - Question risk for 'Are there any market research ...': 12.0, Answer Score: 0.50
2025-05-24 14:02:37,574 - INFO - Negative sentiment check for 'Yes, according to the text, th...': False
2025-05-24 14:02:37,574 - INFO - Question risk for 'Are there any strategies to st...': 12.0, Answer Score: 0.50
2025-05-24 14:02:37,600 - INFO - Negative sentiment check for 'According to the provided docu...': False
2025-05-24 14:02:37,600 - INFO - Question risk for 'What are the potential exit op...': 12.0, Answer Score: 0.50
2025-05-24 14:02:37,600 - INFO - Tag Strategy & Competitive Positioning risk score: 10.8
2025-05-24 14:02:37,613 - INFO - Negative sentiment check for 'The text does not explicitly m...': False
2025-05-24 14:02:37,613 - INFO - Question risk for 'Are smart contracts audited fo...': 18.0, Answer Score: 0.50
2025-05-24 14:02:37,664 - INFO - Negative sentiment check for 'A thorough review!

Based on t...': False
2025-05-24 14:02:37,664 - INFO - Question risk for 'Are there any known vulnerabil...': 18.0, Answer Score: 0.50
2025-05-24 14:02:37,695 - INFO - Negative sentiment check for 'The document does not specific...': False
2025-05-24 14:02:37,695 - INFO - Question risk for 'Are these technologies scalabl...': 18.0, Answer Score: 0.50
2025-05-24 14:02:37,724 - INFO - Negative sentiment check for 'Unfortunately, I do not see an...': False
2025-05-24 14:02:37,724 - INFO - Question risk for 'Are the results of these tests...': 18.0, Answer Score: 0.50
2025-05-24 14:02:37,760 - INFO - Negative sentiment check for 'The CryptoBazar Fund contribut...': False
2025-05-24 14:02:37,761 - INFO - Question risk for 'How does this contribute to th...': 18.0, Answer Score: 0.50
2025-05-24 14:02:37,772 - INFO - Negative sentiment check for 'There is no mention of API sec...': False
2025-05-24 14:02:37,772 - INFO - Question risk for 'Are there any documented API s...': 18.0, Answer Score: 0.50
2025-05-24 14:02:37,793 - INFO - Negative sentiment check for 'There is no mention of intrusi...': False
2025-05-24 14:02:37,793 - INFO - Question risk for 'Are there any intrusion detect...': 18.0, Answer Score: 0.50
2025-05-24 14:02:37,816 - INFO - Negative sentiment check for 'The text does not explicitly s...': False
2025-05-24 14:02:37,816 - INFO - Question risk for 'Are these reviews conducted by...': 18.0, Answer Score: 0.50
2025-05-24 14:02:37,834 - INFO - Negative sentiment check for 'The provided text does not exp...': True
2025-05-24 14:02:37,834 - INFO - Question risk for 'Are there plans for upgrading ...': 21.6, Answer Score: 0.50
2025-05-24 14:02:37,842 - INFO - Negative sentiment check for 'There is no mention of backups...': False
2025-05-24 14:02:37,842 - INFO - Question risk for 'How frequently are backups per...': 18.0, Answer Score: 0.50
2025-05-24 14:02:37,842 - INFO - Tag Technology & Infrastructure risk score: 15.2
2025-05-24 14:02:37,865 - INFO - Negative sentiment check for 'There is no mention in the pro...': False
2025-05-24 14:02:37,865 - INFO - Question risk for 'Are there any trade surveillan...': 27.0, Answer Score: 0.50
2025-05-24 14:02:37,865 - INFO - Tag Tokenomics & Trading Integrity risk score: 32.4
2025-05-24 14:02:37,866 - INFO - Tag Future Outlook risk score: 9.6
2025-05-24 14:02:37,898 - INFO - Fund name extracted: the CryptoBazar
2025-05-24 14:02:37,906 - INFO - Crypto theme applied to slide
2025-05-24 14:02:37,954 - INFO - Branding added for tag: General
2025-05-24 14:02:37,954 - INFO - Cover slide created
2025-05-24 14:02:37,955 - INFO - Crypto theme applied to slide
2025-05-24 14:02:37,957 - INFO - Branding added for tag: Table of Contents
2025-05-24 14:02:37,959 - INFO - TOC slide created
2025-05-24 14:02:37,960 - INFO - Crypto theme applied to slide
2025-05-24 14:02:37,962 - INFO - Branding added for tag: Key Findings Summary
2025-05-24 14:02:37,982 - INFO - Key Findings Summary slide created
2025-05-24 14:02:37,983 - INFO - Crypto theme applied to slide
2025-05-24 14:02:37,985 - INFO - Branding added for tag: Issues Faced
2025-05-24 14:02:38,050 - INFO - Negative sentiment check for 'After carefully reviewing the ...': False
2025-05-24 14:02:38,062 - INFO - Negative sentiment check for 'There is no mention of "custom...': False
2025-05-24 14:02:38,072 - INFO - Negative sentiment check for 'Unfortunately, I do not see a ...': False
2025-05-24 14:02:38,111 - INFO - Negative sentiment check for 'Unfortunately, I do not see an...': False
2025-05-24 14:02:38,124 - INFO - Negative sentiment check for 'There is no mention of an insu...': False
2025-05-24 14:02:38,155 - INFO - Negative sentiment check for 'Unfortunately, I couldn't find...': False
2025-05-24 14:02:38,182 - INFO - Negative sentiment check for 'The text does not explicitly m...': False
2025-05-24 14:02:38,191 - INFO - Negative sentiment check for 'There is no mention of initiat...': False
2025-05-24 14:02:38,201 - INFO - Negative sentiment check for 'There is no mention of environ...': False
2025-05-24 14:02:38,216 - INFO - Negative sentiment check for 'There is no mention of the com...': False
2025-05-24 14:02:38,241 - INFO - Negative sentiment check for 'There is no mention in the pro...': True
2025-05-24 14:02:38,263 - INFO - Negative sentiment check for 'Unfortunately, there is no spe...': False
2025-05-24 14:02:38,285 - INFO - Negative sentiment check for 'There is no mention of audits ...': False
2025-05-24 14:02:38,306 - INFO - Negative sentiment check for 'The answer is not explicitly s...': False
2025-05-24 14:02:38,316 - INFO - Negative sentiment check for 'There is no mention of any pla...': False
2025-05-24 14:02:38,339 - INFO - Negative sentiment check for 'There is no mention of "sustai...': False
2025-05-24 14:02:38,378 - INFO - Negative sentiment check for 'Unfortunately, there is no inf...': False
2025-05-24 14:02:38,417 - INFO - Negative sentiment check for 'The document provided does not...': False
2025-05-24 14:02:38,445 - INFO - Negative sentiment check for 'The text does not explicitly s...': False
2025-05-24 14:02:38,467 - INFO - Negative sentiment check for 'According to the text, the com...': False
2025-05-24 14:02:38,491 - INFO - Negative sentiment check for 'There is no specific informati...': False
2025-05-24 14:02:38,504 - INFO - Negative sentiment check for 'There is no mention of specifi...': False
2025-05-24 14:02:38,520 - INFO - Negative sentiment check for 'Unfortunately, there is no men...': False
2025-05-24 14:02:38,535 - INFO - Negative sentiment check for 'Unfortunately, I don't see any...': False
2025-05-24 14:02:38,587 - INFO - Negative sentiment check for 'According to the provided docu...': False
2025-05-24 14:02:38,607 - INFO - Negative sentiment check for 'There is no explicit mention o...': False
2025-05-24 14:02:38,659 - INFO - Negative sentiment check for 'Based on the provided text, it...': False
2025-05-24 14:02:38,671 - INFO - Negative sentiment check for 'There is no mention of annual ...': False
2025-05-24 14:02:38,683 - INFO - Negative sentiment check for 'There is no mention of "confli...': False
2025-05-24 14:02:38,697 - INFO - Negative sentiment check for 'According to the text, the Man...': False
2025-05-24 14:02:38,723 - INFO - Negative sentiment check for 'Based on the provided document...': False
2025-05-24 14:02:38,752 - INFO - Negative sentiment check for 'Unfortunately, I couldn't find...': False
2025-05-24 14:02:38,793 - INFO - Negative sentiment check for 'After reviewing the provided t...': False
2025-05-24 14:02:38,809 - INFO - Negative sentiment check for 'According to the provided text...': False
2025-05-24 14:02:38,833 - INFO - Negative sentiment check for 'Yes, according to the provided...': False
2025-05-24 14:02:38,853 - INFO - Negative sentiment check for 'There is no mention of a board...': False
2025-05-24 14:02:38,901 - INFO - Negative sentiment check for 'According to the provided text...': False
2025-05-24 14:02:38,916 - INFO - Negative sentiment check for 'Yes, according to the document...': False
2025-05-24 14:02:38,941 - INFO - Negative sentiment check for 'The document does not explicit...': False
2025-05-24 14:02:38,956 - INFO - Negative sentiment check for 'There is no mention of IP (Int...': False
2025-05-24 14:02:38,976 - INFO - Negative sentiment check for 'After reviewing the provided t...': False
2025-05-24 14:02:39,007 - INFO - Negative sentiment check for 'There is no explicit mention o...': False
2025-05-24 14:02:39,042 - INFO - Negative sentiment check for 'According to the provided text...': False
2025-05-24 14:02:39,074 - INFO - Negative sentiment check for 'Based on the provided text, th...': False
2025-05-24 14:02:39,092 - INFO - Negative sentiment check for 'Yes, according to the Risk War...': False
2025-05-24 14:02:39,108 - INFO - Negative sentiment check for 'According to the provided docu...': False
2025-05-24 14:02:39,128 - INFO - Negative sentiment check for 'There is no mention of a speci...': False
2025-05-24 14:02:39,139 - INFO - Negative sentiment check for 'There is no mention of tax dis...': False
2025-05-24 14:02:39,159 - INFO - Negative sentiment check for 'According to the provided text...': False
2025-05-24 14:02:39,170 - INFO - Negative sentiment check for 'There is no mention of "pendin...': False
2025-05-24 14:02:39,228 - INFO - Negative sentiment check for 'Yes, there are potential liabi...': False
2025-05-24 14:02:39,246 - INFO - Negative sentiment check for 'No, there is no mention of arb...': False
2025-05-24 14:02:39,267 - INFO - Negative sentiment check for 'There is no mention of specifi...': False
2025-05-24 14:02:39,284 - INFO - Negative sentiment check for 'The document provided does not...': False
2025-05-24 14:02:39,308 - INFO - Negative sentiment check for 'There is no mention of supply ...': False
2025-05-24 14:02:39,317 - INFO - Negative sentiment check for 'There is no mention of an insu...': False
2025-05-24 14:02:39,344 - INFO - Negative sentiment check for 'The document doesn't explicitl...': False
2025-05-24 14:02:39,360 - INFO - Negative sentiment check for 'According to the provided text...': False
2025-05-24 14:02:39,377 - INFO - Negative sentiment check for 'Yes, according to the text, th...': False
2025-05-24 14:02:39,408 - INFO - Negative sentiment check for 'The CryptoBazar Fund different...': False
2025-05-24 14:02:39,425 - INFO - Negative sentiment check for 'There is no mention of a speci...': False
2025-05-24 14:02:39,477 - INFO - Negative sentiment check for 'The document outlines various ...': False
2025-05-24 14:02:39,499 - INFO - Negative sentiment check for 'The partnerships mentioned in ...': False
2025-05-24 14:02:39,528 - INFO - Negative sentiment check for 'No, there is no mention of mar...': False
2025-05-24 14:02:39,558 - INFO - Negative sentiment check for 'Yes, according to the text, th...': False
2025-05-24 14:02:39,582 - INFO - Negative sentiment check for 'According to the provided docu...': False
2025-05-24 14:02:39,595 - INFO - Negative sentiment check for 'The text does not explicitly m...': False
2025-05-24 14:02:39,645 - INFO - Negative sentiment check for 'A thorough review!

Based on t...': False
2025-05-24 14:02:39,676 - INFO - Negative sentiment check for 'The document does not specific...': False
2025-05-24 14:02:39,707 - INFO - Negative sentiment check for 'Unfortunately, I do not see an...': False
2025-05-24 14:02:39,743 - INFO - Negative sentiment check for 'The CryptoBazar Fund contribut...': False
2025-05-24 14:02:39,752 - INFO - Negative sentiment check for 'There is no mention of API sec...': False
2025-05-24 14:02:39,769 - INFO - Negative sentiment check for 'There is no mention of intrusi...': False
2025-05-24 14:02:39,789 - INFO - Negative sentiment check for 'The text does not explicitly s...': False
2025-05-24 14:02:39,808 - INFO - Negative sentiment check for 'The provided text does not exp...': True
2025-05-24 14:02:39,817 - INFO - Negative sentiment check for 'There is no mention of backups...': False
2025-05-24 14:02:39,841 - INFO - Negative sentiment check for 'There is no mention in the pro...': False
2025-05-24 14:02:39,846 - INFO - Issues Faced slide created
2025-05-24 14:02:39,847 - INFO - Crypto theme applied to slide
2025-05-24 14:02:39,850 - INFO - Branding added for tag: Risk Scoring
2025-05-24 14:02:39,861 - INFO - Risk Scoring slide created
2025-05-24 14:02:39,862 - INFO - Crypto theme applied to slide
2025-05-24 14:02:39,865 - INFO - Branding added for tag: Risk Visualization
2025-05-24 14:02:39,871 - INFO - Risk Visualization chart created
2025-05-24 14:02:39,871 - INFO - Risk Visualization slide created
2025-05-24 14:02:39,873 - INFO - Crypto theme applied to slide
2025-05-24 14:02:39,875 - INFO - Branding added for tag: Recommendations
2025-05-24 14:02:39,880 - INFO - Recommendations slide created
2025-05-24 14:02:39,899 - INFO - Analytics Report Generated: output\due_diligence_report (18).pptx
